<?xml version="1.0" encoding="UTF-8"?>
<testng-results ignored="0" total="1" passed="1" failed="0" skipped="0">
  <reporter-output>
  </reporter-output>
  <suite started-at="2025-01-14T07:45:13 IST" name="Default suite" finished-at="2025-01-14T07:45:14 IST" duration-ms="1002">
    <groups>
    </groups>
    <test started-at="2025-01-14T07:45:13 IST" name="Default test" finished-at="2025-01-14T07:45:14 IST" duration-ms="1002">
      <class name="StepDefinition.StepsTest">
        <test-method signature="create_booking_payload_with_firstname_lastname_and_bookingdates()[pri:0, instance:StepDefinition.StepsTest@3fc2959f]" started-at="2025-01-14T07:45:13 IST" name="create_booking_payload_with_firstname_lastname_and_bookingdates" finished-at="2025-01-14T07:45:14 IST" duration-ms="966" status="PASS">
          <reporter-output>
          </reporter-output>
        </test-method> <!-- create_booking_payload_with_firstname_lastname_and_bookingdates -->
      </class> <!-- StepDefinition.StepsTest -->
    </test> <!-- Default test -->
  </suite> <!-- Default suite -->
</testng-results>
